\BOOKMARK [0][-]{chapter.1}{Introduction}{}% 1
\BOOKMARK [0][-]{chapter.2}{Requirements and Specifications}{}% 2
\BOOKMARK [1][-]{section.2.1}{Requirements}{chapter.2}% 3
\BOOKMARK [1][-]{section.2.2}{Specifications}{chapter.2}% 4
\BOOKMARK [2][-]{subsection.2.2.1}{Project management triangle}{section.2.2}% 5
\BOOKMARK [2][-]{subsection.2.2.2}{Functional requirements}{section.2.2}% 6
\BOOKMARK [2][-]{subsection.2.2.3}{Competitive analysis}{section.2.2}% 7
\BOOKMARK [2][-]{subsection.2.2.4}{House of Quality analysis}{section.2.2}% 8
\BOOKMARK [2][-]{subsection.2.2.5}{Baseline}{section.2.2}% 9
\BOOKMARK [0][-]{chapter.3}{Aerodynamics}{}% 10
\BOOKMARK [1][-]{section.3.1}{Drag coefficient}{chapter.3}% 11
\BOOKMARK [1][-]{section.3.2}{Normal force coefficient}{chapter.3}% 12
\BOOKMARK [1][-]{section.3.3}{Centre of pressure}{chapter.3}% 13
\BOOKMARK [0][-]{chapter.4}{Propulsion}{}% 14
\BOOKMARK [1][-]{section.4.1}{EPC - \311tage Principal Cryotechnique}{chapter.4}% 15
\BOOKMARK [1][-]{section.4.2}{EAP - Etage d\220Acceleration \340 Poudre}{chapter.4}% 16
\BOOKMARK [0][-]{chapter.5}{Mass distribution}{}% 17
\BOOKMARK [0][-]{chapter.6}{Thrust vector control}{}% 18
\BOOKMARK [1][-]{section.6.1}{Imbalance}{chapter.6}% 19
\BOOKMARK [1][-]{section.6.2}{Maximum EAP thrust}{chapter.6}% 20
\BOOKMARK [1][-]{section.6.3}{Maximum dynamic pressure}{chapter.6}% 21
\BOOKMARK [0][-]{chapter.7}{Results and Conclusions}{}% 22
\BOOKMARK [0][-]{figure.caption.29}{Bibliography}{}% 23
